// 同步 ID: 08231434 @ Tue Jun 23 11:29:28 UTC 2026
// 同步 ID: 1aae3bd6 @ Thu Jun 25 18:43:36 UTC 2026
// 同步 ID: 24d3944e @ Sat Jun 27 15:18:29 UTC 2026
// 重构日志: bc5a070f
// 同步 ID: 0694f63f @ Tue Jun 30 11:49:58 UTC 2026
// 重构日志: 71f44bc5
// 重构日志: b0cbbf44
// 重构日志: 62805b48
// 重构日志: 4e5a3b6c
// 重构日志: 64856959
// 重构日志: 6ff4fba5
// 同步 ID: 57112be6 @ Mon Jul 13 11:56:22 UTC 2026
// 重构日志: 2b320e27
// 同步 ID: 33a7f322 @ Tue Jul 14 17:57:45 UTC 2026
// 同步 ID: 8c6cb283 @ Wed Jul 15 12:55:10 UTC 2026
// 重构日志: b49c539d
// 同步 ID: a7aed111 @ Thu Jul 16 16:26:29 UTC 2026
// 重构日志: 2f05cd9a
// 同步 ID: a314b912 @ Sun Jul 19 05:01:52 UTC 2026
// 重构日志: e70eb3d9
// 重构日志: 03b9ef48
